Thu Nov 18 15:37:23 AEDT 2021
Error found: Segmentation fault: address not mapped to object
Reset resubmission counter
Resubmission counter: 1
laboratory path:  /scratch/v45/aek156/access-om2
binary path:  /scratch/v45/aek156/access-om2/bin
input path:  /scratch/v45/aek156/access-om2/input
work path:  /scratch/v45/aek156/access-om2/work
archive path:  /scratch/v45/aek156/access-om2/archive
Removing work path /scratch/v45/aek156/access-om2/work/01deg_jra55v140_iaf_cycle4
Removing symlink /home/156/aek156/payu/01deg_jra55v140_iaf_cycle4/work
31352299.gadi-pbs
Loading input manifest: manifests/input.yaml
Loading restart manifest: manifests/restart.yaml
Loading exe manifest: manifests/exe.yaml
payu: Found modules in /opt/Modules/v4.3.0
qsub -q normal -P x77 -l walltime=10800 -l ncpus=12144 -l mem=48576GB -N 01deg_jra55_iaf -l wd -j n -v PAYU_PATH=/g/data3/hh5/public/apps/miniconda3/envs/analysis3-21.07/bin,PAYU_N_RUNS=1,MODULESHOME=/opt/Modules/v4.3.0,MODULES_CMD=/opt/Modules/v4.3.0/libexec/modulecmd.tcl,MODULEPATH=/g/data/hh5/public/modules:/etc/scl/modulefiles:/apps/Modules/restricted-modulefiles/matlab_unsw:/apps/Modules/restricted-modulefiles/matlab_anu:/opt/Modules/modulefiles:/opt/Modules/v4.3.0/modulefiles:/apps/Modules/modulefiles -W umask=027 -l storage=gdata/hh5+gdata/ik11+gdata/qv56+scratch/v45 -- /g/data/hh5/public/apps/miniconda3/envs/analysis3-21.07/bin/python3.9 /g/data3/hh5/public/apps/miniconda3/envs/analysis3-21.07/bin/payu-run

Thu Nov 18 15:40:35 AEDT 2021
Error found: Segmentation fault: address not mapped to object
Resubmission counter: 0
Resubmit limit reached ... 

Fri Nov 19 09:15:19 AEDT 2021
Error not found: Segmentation fault: address not mapped to object
Error not found: Segmentation fault: invalid permissions for mapped object
Error not found: Transport retry count exceeded
Error not found: atmosphere/input.nml
Error not found: ORTE has lost communication with a remote daemon
Error not eligible for resubmission
Thu Nov 25 00:27:45 AEDT 2021
Error not found: Segmentation fault: address not mapped to object
Error not found: Segmentation fault: invalid permissions for mapped object
Error not found: Transport retry count exceeded
Error not found: atmosphere/input.nml
Error not found: ORTE has lost communication with a remote daemon
Error not eligible for resubmission
Sat Nov 27 07:40:24 AEDT 2021
Error not found: Segmentation fault: address not mapped to object
Error not found: Segmentation fault: invalid permissions for mapped object
Error not found: Transport retry count exceeded
Error not found: atmosphere/input.nml
Error not found: ORTE has lost communication with a remote daemon
Error not eligible for resubmission
Tue Nov 30 23:10:59 AEDT 2021
Error not found: Segmentation fault: address not mapped to object
Error not found: Segmentation fault: invalid permissions for mapped object
Error found: Transport retry count exceeded
Reset resubmission counter
Resubmission counter: 1
laboratory path:  /scratch/v45/aek156/access-om2
binary path:  /scratch/v45/aek156/access-om2/bin
input path:  /scratch/v45/aek156/access-om2/input
work path:  /scratch/v45/aek156/access-om2/work
archive path:  /scratch/v45/aek156/access-om2/archive
Moving log 01deg_jra55_iaf.o32029754
Moving log 01deg_jra55_iaf.e32029754
Moving log 01deg_jra55_i_c.o32038892
Moving log 01deg_jra55_i_c.e32038892
Moving log 01deg_jra55_iaf.o32038893
Moving log 01deg_jra55_iaf.e32038893
Moving log 01deg_jra55_i_c.o32045249
Moving log 01deg_jra55_i_c.e32045249
Moving log 01deg_jra55_iaf.o32045250
Moving log 01deg_jra55_iaf.e32045250
Moving log 01deg_jra55_i_c.o32052614
Moving log 01deg_jra55_i_c.e32052614
Removing work path /scratch/v45/aek156/access-om2/work/01deg_jra55v140_iaf_cycle4
Removing symlink /home/156/aek156/payu/01deg_jra55v140_iaf_cycle4/work
32053182.gadi-pbs
Loading input manifest: manifests/input.yaml
Loading restart manifest: manifests/restart.yaml
Loading exe manifest: manifests/exe.yaml
payu: Found modules in /opt/Modules/v4.3.0
qsub -q normal -P x77 -l walltime=18000 -l ncpus=12144 -l mem=48576GB -N 01deg_jra55_iaf -l wd -j n -v PAYU_PATH=/g/data3/hh5/public/apps/miniconda3/envs/analysis3-21.07/bin,PAYU_N_RUNS=73,MODULESHOME=/opt/Modules/v4.3.0,MODULES_CMD=/opt/Modules/v4.3.0/libexec/modulecmd.tcl,MODULEPATH=/g/data/hh5/public/modules:/etc/scl/modulefiles:/apps/Modules/restricted-modulefiles/matlab_unsw:/apps/Modules/restricted-modulefiles/matlab_anu:/opt/Modules/modulefiles:/opt/Modules/v4.3.0/modulefiles:/apps/Modules/modulefiles -W umask=027 -l storage=gdata/cj50+gdata/hh5+gdata/ik11+gdata/qv56+scratch/v45 -- /g/data/hh5/public/apps/miniconda3/envs/analysis3-21.07/bin/python3.9 /g/data3/hh5/public/apps/miniconda3/envs/analysis3-21.07/bin/payu-run

Tue Dec  7 12:14:53 AEDT 2021
Error not found: Segmentation fault: address not mapped to object
Error not found: Segmentation fault: invalid permissions for mapped object
Error not found: Transport retry count exceeded
Error not found: atmosphere/input.nml
Error not found: ORTE has lost communication with a remote daemon
Error not eligible for resubmission
Wed Dec  8 02:07:21 AEDT 2021
Error not found: Segmentation fault: address not mapped to object
Error not found: Segmentation fault: invalid permissions for mapped object
Error not found: Transport retry count exceeded
Error not found: atmosphere/input.nml
Error not found: ORTE has lost communication with a remote daemon
Error not eligible for resubmission
Thu Dec  9 11:04:51 AEDT 2021
Error found: Segmentation fault: address not mapped to object
Reset resubmission counter
Resubmission counter: 1
/ocean/oceanbgc-3d-no3-1-daily-mean-5-daily-ymd* does not exist...
laboratory path:  /scratch/v45/hh0162/access-om2
binary path:  /scratch/v45/hh0162/access-om2/bin
input path:  /scratch/v45/hh0162/access-om2/input
work path:  /scratch/v45/hh0162/access-om2/work
archive path:  /scratch/v45/hh0162/access-om2/archive
Removing work path /scratch/v45/hh0162/access-om2/work/01deg_jra55v140_iaf_cycle4
Removing symlink /scratch/v45/hh0162/access-om2/control/01deg_jra55v140_iaf_cycle4/work
32511103.gadi-pbs
Loading input manifest: manifests/input.yaml
Loading restart manifest: manifests/restart.yaml
Loading exe manifest: manifests/exe.yaml
payu: Found modules in /opt/Modules/v4.3.0
qsub -q normal -P x77 -l walltime=18000 -l ncpus=12144 -l mem=48576GB -N 01deg_jra55_iaf -l wd -j n -v PAYU_PATH=/g/data3/hh5/public/apps/miniconda3/envs/analysis3-21.10/bin,PAYU_N_RUNS=7,MODULESHOME=/opt/Modules/v4.3.0,MODULES_CMD=/opt/Modules/v4.3.0/libexec/modulecmd.tcl,MODULEPATH=/g/data3/hh5/public/modules:/etc/scl/modulefiles:/opt/Modules/modulefiles:/opt/Modules/v4.3.0/modulefiles:/apps/Modules/modulefiles -W umask=027 -l storage=gdata/cj50+gdata/hh5+gdata/ik11+gdata/qv56+scratch/v45 -- /g/data/hh5/public/apps/miniconda3/envs/analysis3-21.10/bin/python3.9 /g/data3/hh5/public/apps/miniconda3/envs/analysis3-21.10/bin/payu-run

Thu Dec  9 11:07:04 AEDT 2021
Error found: Segmentation fault: address not mapped to object
Resubmission counter: 0
Resubmit limit reached ... 

Thu Dec  9 11:15:39 AEDT 2021
Error found: Segmentation fault: address not mapped to object
Reset resubmission counter
Resubmission counter: 1
/ocean/oceanbgc-3d-no3-1-daily-mean-5-daily-ymd* does not exist...
laboratory path:  /scratch/v45/hh0162/access-om2
binary path:  /scratch/v45/hh0162/access-om2/bin
input path:  /scratch/v45/hh0162/access-om2/input
work path:  /scratch/v45/hh0162/access-om2/work
archive path:  /scratch/v45/hh0162/access-om2/archive
Removing work path /scratch/v45/hh0162/access-om2/work/01deg_jra55v140_iaf_cycle4
Removing symlink /scratch/v45/hh0162/access-om2/control/01deg_jra55v140_iaf_cycle4/work
32511500.gadi-pbs
Loading input manifest: manifests/input.yaml
Loading restart manifest: manifests/restart.yaml
Loading exe manifest: manifests/exe.yaml
payu: Found modules in /opt/Modules/v4.3.0
qsub -q normal -P x77 -l walltime=18000 -l ncpus=12144 -l mem=48576GB -N 01deg_jra55_iaf -l wd -j n -v PAYU_PATH=/g/data3/hh5/public/apps/miniconda3/envs/analysis3-21.10/bin,PAYU_N_RUNS=7,MODULESHOME=/opt/Modules/v4.3.0,MODULES_CMD=/opt/Modules/v4.3.0/libexec/modulecmd.tcl,MODULEPATH=/g/data3/hh5/public/modules:/etc/scl/modulefiles:/opt/Modules/modulefiles:/opt/Modules/v4.3.0/modulefiles:/apps/Modules/modulefiles -W umask=027 -l storage=gdata/cj50+gdata/hh5+gdata/ik11+gdata/qv56+scratch/v45 -- /g/data/hh5/public/apps/miniconda3/envs/analysis3-21.10/bin/python3.9 /g/data3/hh5/public/apps/miniconda3/envs/analysis3-21.10/bin/payu-run

Thu Dec  9 11:17:37 AEDT 2021
Error found: Segmentation fault: address not mapped to object
Resubmission counter: 0
Resubmit limit reached ... 

Thu Dec  9 11:33:05 AEDT 2021
Error found: Segmentation fault: address not mapped to object
Reset resubmission counter
Resubmission counter: 1
/ocean/oceanbgc-3d-no3-1-daily-mean-5-daily-ymd* does not exist...
laboratory path:  /scratch/v45/hh0162/access-om2
binary path:  /scratch/v45/hh0162/access-om2/bin
input path:  /scratch/v45/hh0162/access-om2/input
work path:  /scratch/v45/hh0162/access-om2/work
archive path:  /scratch/v45/hh0162/access-om2/archive
Removing work path /scratch/v45/hh0162/access-om2/work/01deg_jra55v140_iaf_cycle4
Removing symlink /scratch/v45/hh0162/access-om2/control/01deg_jra55v140_iaf_cycle4/work
32511873.gadi-pbs
Loading input manifest: manifests/input.yaml
Loading restart manifest: manifests/restart.yaml
Loading exe manifest: manifests/exe.yaml
payu: Found modules in /opt/Modules/v4.3.0
qsub -q normal -P x77 -l walltime=18000 -l ncpus=12144 -l mem=48576GB -N 01deg_jra55_iaf -l wd -j n -v PAYU_PATH=/g/data3/hh5/public/apps/miniconda3/envs/analysis3-21.10/bin,PAYU_N_RUNS=7,MODULESHOME=/opt/Modules/v4.3.0,MODULES_CMD=/opt/Modules/v4.3.0/libexec/modulecmd.tcl,MODULEPATH=/g/data3/hh5/public/modules:/etc/scl/modulefiles:/opt/Modules/modulefiles:/opt/Modules/v4.3.0/modulefiles:/apps/Modules/modulefiles -W umask=027 -l storage=gdata/cj50+gdata/hh5+gdata/ik11+gdata/qv56+gdata/v45+scratch/v45 -- /g/data/hh5/public/apps/miniconda3/envs/analysis3-21.10/bin/python3.9 /g/data3/hh5/public/apps/miniconda3/envs/analysis3-21.10/bin/payu-run

Thu Dec  9 11:34:52 AEDT 2021
Error found: Segmentation fault: address not mapped to object
Resubmission counter: 0
Resubmit limit reached ... 

Sat Dec 11 23:27:01 AEDT 2021
Error not found: Segmentation fault: address not mapped to object
Error not found: Segmentation fault: invalid permissions for mapped object
Error not found: Transport retry count exceeded
Error not found: atmosphere/input.nml
Error found: ORTE has lost communication with a remote daemon
Reset resubmission counter
Resubmission counter: 1
laboratory path:  /scratch/v45/hh0162/access-om2
binary path:  /scratch/v45/hh0162/access-om2/bin
input path:  /scratch/v45/hh0162/access-om2/input
work path:  /scratch/v45/hh0162/access-om2/work
archive path:  /scratch/v45/hh0162/access-om2/archive
Moving log 01deg_jra55_i_c.o32665152
Moving log 01deg_jra55_iaf.e32670631
Moving log 01deg_jra55_i_c.e32683929
Moving log 01deg_jra55_iaf.o32674898
Moving log 01deg_jra55_iaf.e32673252
Moving log 01deg_jra55_i_c.o32658505
Moving log 01deg_jra55_i_c.e32681278
Moving log 01deg_jra55_iaf.o32683930
Moving log 01deg_jra55_i_c.e32679096
Moving log 01deg_jra55_iaf.e32667603
Moving log 01deg_jra55_iaf.o32670631
Moving log 01deg_jra55_iaf.o32681279
Moving log 01deg_jra55_iaf.o32647532
Moving log 01deg_jra55_iaf.o32679126
Moving log 01deg_jra55_i_c.e32667602
Moving log 01deg_jra55_iaf.e32654232
Moving log 01deg_jra55_i_c.e32674897
Moving log 01deg_jra55_i_c.o32654231
Moving log 01deg_jra55_iaf.e32679126
Moving log 01deg_jra55_iaf.o32673252
Moving log 01deg_jra55_i_c.o32667602
Moving log 01deg_jra55_i_c.o32689973
Moving log 01deg_jra55_i_c.e32654231
Moving log 01deg_jra55_iaf.e32665153
Moving log 01deg_jra55_iaf.o32658506
Moving log 01deg_jra55_i_c.o32686960
Moving log 01deg_jra55_i_c.e32689973
Moving log 01deg_jra55_iaf.e32658506
Moving log 01deg_jra55_i_c.o32670630
Moving log 01deg_jra55_iaf.e32683930
Moving log 01deg_jra55_iaf.e32662013
Moving log 01deg_jra55_iaf.o32686962
Moving log 01deg_jra55_i_c.o32679096
Moving log 01deg_jra55_iaf.o32654232
Moving log 01deg_jra55_iaf.e32647532
Moving log 01deg_jra55_i_c.e32686960
Moving log 01deg_jra55_iaf.o32665153
Moving log 01deg_jra55_i_c.o32681278
Moving log 01deg_jra55_i_c.o32683929
Moving log 01deg_jra55_i_c.o32674897
Moving log 01deg_jra55_iaf.e32681279
Moving log 01deg_jra55_iaf.o32662013
Moving log 01deg_jra55_i_c.e32665152
Moving log 01deg_jra55_i_c.o32662012
Moving log 01deg_jra55_i_c.e32670630
Moving log 01deg_jra55_i_c.e32673251
Moving log 01deg_jra55_i_c.o32673251
Moving log 01deg_jra55_iaf.e32674898
Moving log 01deg_jra55_i_c.e32658505
Moving log 01deg_jra55_i_c.e32662012
Moving log 01deg_jra55_iaf.e32686962
Moving log 01deg_jra55_iaf.o32667603
Removing work path /scratch/v45/hh0162/access-om2/work/01deg_jra55v140_iaf_cycle4
Removing symlink /scratch/v45/hh0162/access-om2/control/01deg_jra55v140_iaf_cycle4/work
32690891.gadi-pbs
Loading input manifest: manifests/input.yaml
Loading restart manifest: manifests/restart.yaml
Loading exe manifest: manifests/exe.yaml
payu: Found modules in /opt/Modules/v4.3.0
qsub -q normal -P x77 -l walltime=18000 -l ncpus=12144 -l mem=48576GB -N 01deg_jra55_iaf -l wd -j n -v PAYU_PATH=/g/data3/hh5/public/apps/miniconda3/envs/analysis3-21.10/bin,PAYU_N_RUNS=22,MODULESHOME=/opt/Modules/v4.3.0,MODULES_CMD=/opt/Modules/v4.3.0/libexec/modulecmd.tcl,MODULEPATH=/g/data3/hh5/public/modules:/etc/scl/modulefiles:/opt/Modules/modulefiles:/opt/Modules/v4.3.0/modulefiles:/apps/Modules/modulefiles -W umask=027 -l storage=gdata/cj50+gdata/hh5+gdata/ik11+gdata/qv56+gdata/v45+scratch/v45 -- /g/data/hh5/public/apps/miniconda3/envs/analysis3-21.10/bin/python3.9 /g/data3/hh5/public/apps/miniconda3/envs/analysis3-21.10/bin/payu-run

